2025-07-06T08:41:05.846Z [[32minfo[39m]: Successfully connected to MongoDB.
2025-07-06T08:41:05.858Z [[32minfo[39m]: 🚀 Server is running on http://localhost:4000
2025-07-06T08:41:05.859Z [[32minfo[39m]: 🚀 GraphQL endpoint: http://localhost:4000/graphql
2025-07-06T09:18:01.341Z [[33mwarn[39m]: MongoDB disconnected
2025-07-06T09:29:39.174Z [[31merror[39m]: Authentication error: Unauthorized
2025-07-06T09:30:16.030Z [[31merror[39m]: Authentication error: Unauthorized
2025-07-06T09:30:39.542Z [[31merror[39m]: Authentication error: Unauthorized
2025-07-06T09:33:07.804Z [[32minfo[39m]: Successfully connected to MongoDB.
2025-07-06T09:33:07.822Z [[32minfo[39m]: 🚀 Server is running on http://localhost:4000
2025-07-06T09:33:07.826Z [[32minfo[39m]: 🚀 GraphQL endpoint: http://localhost:4000/graphql
2025-07-06T09:34:52.671Z [[31merror[39m]: Authentication error: Unauthorized
2025-07-06T09:35:43.986Z [[32minfo[39m]: Successfully connected to MongoDB.
2025-07-06T09:35:43.997Z [[32minfo[39m]: 🚀 Server is running on http://localhost:4000
2025-07-06T09:35:43.998Z [[32minfo[39m]: 🚀 GraphQL endpoint: http://localhost:4000/graphql
2025-07-06T09:36:28.622Z [[32minfo[39m]: Successfully connected to MongoDB.
2025-07-06T09:36:28.633Z [[32minfo[39m]: 🚀 Server is running on http://localhost:4000
2025-07-06T09:36:28.634Z [[32minfo[39m]: 🚀 GraphQL endpoint: http://localhost:4000/graphql
2025-07-06T09:45:26.441Z [[31merror[39m]: Authentication error: Unauthorized
2025-07-06T09:45:54.117Z [[32minfo[39m]: Successfully connected to MongoDB.
2025-07-06T09:45:54.127Z [[32minfo[39m]: 🚀 Server is running on http://localhost:4000
2025-07-06T09:45:54.128Z [[32minfo[39m]: 🚀 GraphQL endpoint: http://localhost:4000/graphql
2025-07-06T09:47:38.304Z [[32minfo[39m]: Successfully connected to MongoDB.
2025-07-06T09:47:38.314Z [[32minfo[39m]: 🚀 Server is running on http://localhost:4000
2025-07-06T09:47:38.315Z [[32minfo[39m]: 🚀 GraphQL endpoint: http://localhost:4000/graphql
2025-07-06T09:48:12.215Z [[31merror[39m]: Authentication error: Unauthorized
2025-07-06T09:49:28.326Z [[32minfo[39m]: Successfully connected to MongoDB.
2025-07-06T09:49:28.338Z [[32minfo[39m]: 🚀 Server is running on http://localhost:4000
2025-07-06T09:49:28.339Z [[32minfo[39m]: 🚀 GraphQL endpoint: http://localhost:4000/graphql
2025-07-06T09:50:09.961Z [[32minfo[39m]: Successfully connected to MongoDB.
2025-07-06T09:50:09.971Z [[32minfo[39m]: 🚀 Server is running on http://localhost:4000
2025-07-06T09:50:09.972Z [[32minfo[39m]: 🚀 GraphQL endpoint: http://localhost:4000/graphql
2025-07-06T09:50:21.857Z [[31merror[39m]: Authentication error: Unauthorized
2025-07-06T09:50:22.591Z [[31merror[39m]: Authentication error: Unauthorized
2025-07-06T09:50:25.051Z [[31merror[39m]: Authentication error: Unauthorized
2025-07-06T09:50:25.813Z [[31merror[39m]: Authentication error: Unauthorized
2025-07-06T09:50:25.993Z [[31merror[39m]: Authentication error: Unauthorized
2025-07-06T09:50:26.142Z [[31merror[39m]: Authentication error: Unauthorized
2025-07-06T09:50:26.364Z [[31merror[39m]: Authentication error: Unauthorized
2025-07-06T09:52:04.889Z [[31merror[39m]: Authentication error: Unauthorized
2025-07-06T09:52:05.880Z [[31merror[39m]: Authentication error: Unauthorized
2025-07-06T09:53:01.757Z [[32minfo[39m]: Successfully connected to MongoDB.
2025-07-06T09:53:01.767Z [[32minfo[39m]: 🚀 Server is running on http://localhost:4000
2025-07-06T09:53:01.768Z [[32minfo[39m]: 🚀 GraphQL endpoint: http://localhost:4000/graphql
2025-07-06T09:53:12.951Z [[32minfo[39m]: Successfully connected to MongoDB.
2025-07-06T09:53:12.964Z [[32minfo[39m]: 🚀 Server is running on http://localhost:4000
2025-07-06T09:53:12.964Z [[32minfo[39m]: 🚀 GraphQL endpoint: http://localhost:4000/graphql
2025-07-06T09:53:29.942Z [[32minfo[39m]: Development mode: bypassing authentication
2025-07-06T09:53:46.012Z [[32minfo[39m]: Allowing introspection query for Apollo Sandbox
2025-07-06T09:53:51.468Z [[32minfo[39m]: Allowing introspection query for Apollo Sandbox
2025-07-06T09:53:56.468Z [[32minfo[39m]: Allowing introspection query for Apollo Sandbox
2025-07-06T09:54:01.466Z [[32minfo[39m]: Allowing introspection query for Apollo Sandbox
2025-07-06T09:54:06.474Z [[32minfo[39m]: Allowing introspection query for Apollo Sandbox
2025-07-06T09:54:11.461Z [[32minfo[39m]: Allowing introspection query for Apollo Sandbox
2025-07-06T09:54:16.474Z [[32minfo[39m]: Allowing introspection query for Apollo Sandbox
2025-07-06T09:54:21.471Z [[32minfo[39m]: Allowing introspection query for Apollo Sandbox
2025-07-06T09:54:44.344Z [[32minfo[39m]: Development mode: bypassing authentication
2025-07-06T09:54:46.438Z [[32minfo[39m]: Allowing introspection query for Apollo Sandbox
2025-07-06T09:54:51.437Z [[32minfo[39m]: Allowing introspection query for Apollo Sandbox
2025-07-06T09:54:56.440Z [[32minfo[39m]: Allowing introspection query for Apollo Sandbox
2025-07-06T09:55:15.393Z [[32minfo[39m]: Allowing introspection query for Apollo Sandbox
2025-07-06T09:55:18.529Z [[32minfo[39m]: Allowing introspection query for Apollo Sandbox
2025-07-06T09:55:19.377Z [[32minfo[39m]: Allowing introspection query for Apollo Sandbox
2025-07-06T09:55:24.853Z [[32minfo[39m]: Allowing introspection query for Apollo Sandbox
2025-07-06T09:55:27.681Z [[32minfo[39m]: Development mode: bypassing authentication
2025-07-06T09:55:29.812Z [[32minfo[39m]: Allowing introspection query for Apollo Sandbox
2025-07-06T09:55:34.808Z [[32minfo[39m]: Allowing introspection query for Apollo Sandbox
2025-07-06T09:55:39.851Z [[32minfo[39m]: Allowing introspection query for Apollo Sandbox
2025-07-06T09:55:44.819Z [[32minfo[39m]: Allowing introspection query for Apollo Sandbox
2025-07-06T09:55:49.809Z [[32minfo[39m]: Allowing introspection query for Apollo Sandbox
2025-07-06T09:55:55.116Z [[32minfo[39m]: Allowing introspection query for Apollo Sandbox
2025-07-06T09:55:59.810Z [[32minfo[39m]: Allowing introspection query for Apollo Sandbox
2025-07-06T09:56:04.808Z [[32minfo[39m]: Allowing introspection query for Apollo Sandbox
2025-07-06T09:56:09.811Z [[32minfo[39m]: Allowing introspection query for Apollo Sandbox
2025-07-06T09:56:14.810Z [[32minfo[39m]: Allowing introspection query for Apollo Sandbox
2025-07-06T09:57:36.309Z [[32minfo[39m]: Allowing introspection query for Apollo Sandbox
2025-07-06T09:57:37.426Z [[32minfo[39m]: Development mode: bypassing authentication
2025-07-06T09:57:41.308Z [[32minfo[39m]: Allowing introspection query for Apollo Sandbox
2025-07-06T09:57:46.310Z [[32minfo[39m]: Allowing introspection query for Apollo Sandbox
2025-07-06T09:57:51.307Z [[32minfo[39m]: Allowing introspection query for Apollo Sandbox
2025-07-06T09:57:56.308Z [[32minfo[39m]: Allowing introspection query for Apollo Sandbox
2025-07-06T09:58:01.308Z [[32minfo[39m]: Allowing introspection query for Apollo Sandbox
2025-07-06T09:58:06.308Z [[32minfo[39m]: Allowing introspection query for Apollo Sandbox
2025-07-06T09:59:13.419Z [[32minfo[39m]: Allowing introspection query for Apollo Sandbox
2025-07-06T09:59:36.056Z [[32minfo[39m]: Allowing introspection query for Apollo Sandbox
2025-07-06T10:02:25.991Z [[32minfo[39m]: Successfully connected to MongoDB.
2025-07-06T10:02:26.002Z [[32minfo[39m]: 🚀 Server is running on http://localhost:4000
2025-07-06T10:02:26.002Z [[32minfo[39m]: 🚀 GraphQL endpoint: http://localhost:4000/graphql
2025-07-06T10:03:23.435Z [[31merror[39m]: Authentication error: Unauthorized
2025-07-06T10:03:24.535Z [[31merror[39m]: Authentication error: Unauthorized
2025-07-06T10:03:25.045Z [[31merror[39m]: Authentication error: Unauthorized
2025-07-06T10:03:25.223Z [[31merror[39m]: Authentication error: Unauthorized
2025-07-06T10:03:25.399Z [[31merror[39m]: Authentication error: Unauthorized
2025-07-06T10:03:25.584Z [[31merror[39m]: Authentication error: Unauthorized
2025-07-06T10:03:25.768Z [[31merror[39m]: Authentication error: Unauthorized
2025-07-06T10:03:25.960Z [[31merror[39m]: Authentication error: Unauthorized
2025-07-06T10:03:26.176Z [[31merror[39m]: Authentication error: Unauthorized
2025-07-06T10:04:18.401Z [[31merror[39m]: Authentication error: Unauthorized
2025-07-06T10:04:19.439Z [[31merror[39m]: Authentication error: Unauthorized
2025-07-06T10:04:19.620Z [[31merror[39m]: Authentication error: Unauthorized
2025-07-06T10:04:19.845Z [[31merror[39m]: Authentication error: Unauthorized
2025-07-06T10:04:20.045Z [[31merror[39m]: Authentication error: Unauthorized
2025-07-06T10:04:20.259Z [[31merror[39m]: Authentication error: Unauthorized
2025-07-06T10:04:29.159Z [[31merror[39m]: Authentication error: Unauthorized
2025-07-06T10:04:29.933Z [[31merror[39m]: Authentication error: Unauthorized
2025-07-06T10:04:30.150Z [[31merror[39m]: Authentication error: Unauthorized
2025-07-06T10:04:35.658Z [[31merror[39m]: Authentication error: Unauthorized
2025-07-06T10:04:35.830Z [[31merror[39m]: Authentication error: Unauthorized
2025-07-06T10:04:35.972Z [[31merror[39m]: Authentication error: Unauthorized
2025-07-06T10:04:51.021Z [[31merror[39m]: Authentication error: Unauthorized
2025-07-06T10:04:51.256Z [[31merror[39m]: Authentication error: Unauthorized
2025-07-06T10:04:51.454Z [[31merror[39m]: Authentication error: Unauthorized
2025-07-06T10:04:51.633Z [[31merror[39m]: Authentication error: Unauthorized
2025-07-06T10:04:51.763Z [[31merror[39m]: Authentication error: Unauthorized
2025-07-06T10:04:51.941Z [[31merror[39m]: Authentication error: Unauthorized
2025-07-06T10:04:52.097Z [[31merror[39m]: Authentication error: Unauthorized
2025-07-06T10:17:34.229Z [[31merror[39m]: Authentication error: Unauthorized
2025-07-06T10:17:35.209Z [[31merror[39m]: Authentication error: Unauthorized
2025-07-06T10:17:35.849Z [[31merror[39m]: Authentication error: Unauthorized
2025-07-06T10:17:36.024Z [[31merror[39m]: Authentication error: Unauthorized
2025-07-06T10:17:36.187Z [[31merror[39m]: Authentication error: Unauthorized
2025-07-06T10:17:36.364Z [[31merror[39m]: Authentication error: Unauthorized
2025-07-06T10:17:36.636Z [[31merror[39m]: Authentication error: Unauthorized
2025-07-06T10:17:36.997Z [[31merror[39m]: Authentication error: Unauthorized
2025-07-06T10:17:37.148Z [[31merror[39m]: Authentication error: Unauthorized
2025-07-06T10:17:37.313Z [[31merror[39m]: Authentication error: Unauthorized
2025-07-06T10:17:37.484Z [[31merror[39m]: Authentication error: Unauthorized
2025-07-06T10:17:37.651Z [[31merror[39m]: Authentication error: Unauthorized
2025-07-06T10:17:37.827Z [[31merror[39m]: Authentication error: Unauthorized
2025-07-06T10:17:38.058Z [[31merror[39m]: Authentication error: Unauthorized
2025-07-06T10:17:48.260Z [[31merror[39m]: Authentication error: Unauthorized
2025-07-06T10:17:48.708Z [[31merror[39m]: Authentication error: Unauthorized
2025-07-06T11:29:23.214Z [[32minfo[39m]: Successfully connected to MongoDB.
2025-07-06T11:29:23.228Z [[32minfo[39m]: 🚀 Server is running on http://localhost:4000
2025-07-06T11:29:23.229Z [[32minfo[39m]: 🚀 GraphQL endpoint: http://localhost:4000/graphql
2025-07-06T11:29:47.508Z [[32minfo[39m]: Development mode: bypassing authentication
2025-07-06T11:29:54.396Z [[32minfo[39m]: Allowing introspection query for Apollo Sandbox
2025-07-06T11:30:31.535Z [[32minfo[39m]: Allowing introspection query for Apollo Sandbox
2025-07-06T11:30:37.308Z [[32minfo[39m]: Allowing introspection query for Apollo Sandbox
2025-07-06T11:30:41.533Z [[32minfo[39m]: Allowing introspection query for Apollo Sandbox
2025-07-06T11:30:46.959Z [[32minfo[39m]: Allowing introspection query for Apollo Sandbox
2025-07-06T11:30:51.538Z [[32minfo[39m]: Allowing introspection query for Apollo Sandbox
2025-07-06T11:30:56.531Z [[32minfo[39m]: Allowing introspection query for Apollo Sandbox
2025-07-06T11:30:58.876Z [[32minfo[39m]: Development mode: bypassing authentication
2025-07-06T11:31:01.541Z [[32minfo[39m]: Allowing introspection query for Apollo Sandbox
2025-07-06T11:31:01.799Z [[32minfo[39m]: Development mode: bypassing authentication
2025-07-06T11:31:06.532Z [[32minfo[39m]: Allowing introspection query for Apollo Sandbox
2025-07-06T11:31:11.533Z [[32minfo[39m]: Allowing introspection query for Apollo Sandbox
2025-07-06T11:31:16.530Z [[32minfo[39m]: Allowing introspection query for Apollo Sandbox
2025-07-06T11:31:21.532Z [[32minfo[39m]: Allowing introspection query for Apollo Sandbox
2025-07-06T11:31:26.531Z [[32minfo[39m]: Allowing introspection query for Apollo Sandbox
2025-07-06T11:31:31.531Z [[32minfo[39m]: Allowing introspection query for Apollo Sandbox
2025-07-06T11:31:36.532Z [[32minfo[39m]: Allowing introspection query for Apollo Sandbox
2025-07-06T11:31:41.531Z [[32minfo[39m]: Allowing introspection query for Apollo Sandbox
2025-07-06T11:31:46.531Z [[32minfo[39m]: Allowing introspection query for Apollo Sandbox
2025-07-06T11:31:51.531Z [[32minfo[39m]: Allowing introspection query for Apollo Sandbox
2025-07-06T11:31:56.531Z [[32minfo[39m]: Allowing introspection query for Apollo Sandbox
2025-07-06T11:32:01.530Z [[32minfo[39m]: Allowing introspection query for Apollo Sandbox
2025-07-06T11:32:06.531Z [[32minfo[39m]: Allowing introspection query for Apollo Sandbox
2025-07-06T11:32:11.532Z [[32minfo[39m]: Allowing introspection query for Apollo Sandbox
2025-07-06T11:32:16.531Z [[32minfo[39m]: Allowing introspection query for Apollo Sandbox
2025-07-06T11:32:21.531Z [[32minfo[39m]: Allowing introspection query for Apollo Sandbox
2025-07-06T11:32:26.532Z [[32minfo[39m]: Allowing introspection query for Apollo Sandbox
2025-07-06T11:32:31.532Z [[32minfo[39m]: Allowing introspection query for Apollo Sandbox
2025-07-06T11:32:36.532Z [[32minfo[39m]: Allowing introspection query for Apollo Sandbox
2025-07-06T11:32:41.532Z [[32minfo[39m]: Allowing introspection query for Apollo Sandbox
2025-07-06T11:32:46.531Z [[32minfo[39m]: Allowing introspection query for Apollo Sandbox
2025-07-06T11:32:51.531Z [[32minfo[39m]: Allowing introspection query for Apollo Sandbox
2025-07-06T11:32:56.532Z [[32minfo[39m]: Allowing introspection query for Apollo Sandbox
2025-07-06T11:33:01.531Z [[32minfo[39m]: Allowing introspection query for Apollo Sandbox
2025-07-06T11:33:06.532Z [[32minfo[39m]: Allowing introspection query for Apollo Sandbox
2025-07-06T11:33:11.532Z [[32minfo[39m]: Allowing introspection query for Apollo Sandbox
2025-07-06T11:33:16.532Z [[32minfo[39m]: Allowing introspection query for Apollo Sandbox
2025-07-06T11:33:21.533Z [[32minfo[39m]: Allowing introspection query for Apollo Sandbox
2025-07-06T11:33:26.532Z [[32minfo[39m]: Allowing introspection query for Apollo Sandbox
2025-07-06T11:33:31.531Z [[32minfo[39m]: Allowing introspection query for Apollo Sandbox
2025-07-06T11:33:36.531Z [[32minfo[39m]: Allowing introspection query for Apollo Sandbox
2025-07-06T11:33:41.545Z [[32minfo[39m]: Allowing introspection query for Apollo Sandbox
2025-07-06T11:33:46.531Z [[32minfo[39m]: Allowing introspection query for Apollo Sandbox
2025-07-06T11:33:51.532Z [[32minfo[39m]: Allowing introspection query for Apollo Sandbox
2025-07-06T11:33:56.531Z [[32minfo[39m]: Allowing introspection query for Apollo Sandbox
2025-07-06T11:34:01.531Z [[32minfo[39m]: Allowing introspection query for Apollo Sandbox
2025-07-06T11:36:37.501Z [[32minfo[39m]: Development mode: bypassing authentication
2025-07-06T13:49:38.337Z [[32minfo[39m]: Allowing introspection query for Apollo Sandbox
2025-07-06T13:49:43.312Z [[32minfo[39m]: Allowing introspection query for Apollo Sandbox
2025-07-06T13:49:48.311Z [[32minfo[39m]: Allowing introspection query for Apollo Sandbox
2025-07-06T13:49:53.311Z [[32minfo[39m]: Allowing introspection query for Apollo Sandbox
2025-07-06T13:49:58.312Z [[32minfo[39m]: Allowing introspection query for Apollo Sandbox
2025-07-06T13:50:03.309Z [[32minfo[39m]: Allowing introspection query for Apollo Sandbox
2025-07-06T13:50:05.815Z [[32minfo[39m]: Development mode: bypassing authentication
2025-07-06T13:50:08.310Z [[32minfo[39m]: Allowing introspection query for Apollo Sandbox
2025-07-06T13:50:13.311Z [[32minfo[39m]: Allowing introspection query for Apollo Sandbox
2025-07-06T13:50:18.311Z [[32minfo[39m]: Allowing introspection query for Apollo Sandbox
2025-07-06T13:50:23.310Z [[32minfo[39m]: Allowing introspection query for Apollo Sandbox
2025-07-06T13:50:28.312Z [[32minfo[39m]: Allowing introspection query for Apollo Sandbox
2025-07-06T13:50:33.310Z [[32minfo[39m]: Allowing introspection query for Apollo Sandbox
2025-07-06T13:50:38.311Z [[32minfo[39m]: Allowing introspection query for Apollo Sandbox
2025-07-06T13:50:43.309Z [[32minfo[39m]: Allowing introspection query for Apollo Sandbox
2025-07-06T13:50:48.310Z [[32minfo[39m]: Allowing introspection query for Apollo Sandbox
2025-07-06T13:50:53.483Z [[32minfo[39m]: Allowing introspection query for Apollo Sandbox
2025-07-06T13:50:58.311Z [[32minfo[39m]: Allowing introspection query for Apollo Sandbox
2025-07-06T13:51:03.310Z [[32minfo[39m]: Allowing introspection query for Apollo Sandbox
2025-07-06T13:51:08.310Z [[32minfo[39m]: Allowing introspection query for Apollo Sandbox
2025-07-06T13:51:13.311Z [[32minfo[39m]: Allowing introspection query for Apollo Sandbox
2025-07-06T13:51:18.312Z [[32minfo[39m]: Allowing introspection query for Apollo Sandbox
2025-07-06T13:51:23.311Z [[32minfo[39m]: Allowing introspection query for Apollo Sandbox
2025-07-06T13:51:28.311Z [[32minfo[39m]: Allowing introspection query for Apollo Sandbox
2025-07-06T13:51:33.310Z [[32minfo[39m]: Allowing introspection query for Apollo Sandbox
2025-07-06T13:51:38.310Z [[32minfo[39m]: Allowing introspection query for Apollo Sandbox
2025-07-06T13:51:43.310Z [[32minfo[39m]: Allowing introspection query for Apollo Sandbox
2025-07-06T13:51:48.311Z [[32minfo[39m]: Allowing introspection query for Apollo Sandbox
2025-07-06T13:51:53.310Z [[32minfo[39m]: Allowing introspection query for Apollo Sandbox
2025-07-06T13:51:58.310Z [[32minfo[39m]: Allowing introspection query for Apollo Sandbox
2025-07-06T13:52:03.309Z [[32minfo[39m]: Allowing introspection query for Apollo Sandbox
2025-07-06T13:52:08.310Z [[32minfo[39m]: Allowing introspection query for Apollo Sandbox
2025-07-06T13:52:13.309Z [[32minfo[39m]: Allowing introspection query for Apollo Sandbox
2025-07-06T13:52:18.310Z [[32minfo[39m]: Allowing introspection query for Apollo Sandbox
2025-07-06T13:52:23.310Z [[32minfo[39m]: Allowing introspection query for Apollo Sandbox
2025-07-06T13:52:28.315Z [[32minfo[39m]: Allowing introspection query for Apollo Sandbox
2025-07-06T13:52:33.310Z [[32minfo[39m]: Allowing introspection query for Apollo Sandbox
2025-07-06T13:52:38.311Z [[32minfo[39m]: Allowing introspection query for Apollo Sandbox
2025-07-06T13:52:43.310Z [[32minfo[39m]: Allowing introspection query for Apollo Sandbox
2025-07-06T13:52:48.310Z [[32minfo[39m]: Allowing introspection query for Apollo Sandbox
2025-07-06T13:52:53.310Z [[32minfo[39m]: Allowing introspection query for Apollo Sandbox
2025-07-06T13:52:58.313Z [[32minfo[39m]: Allowing introspection query for Apollo Sandbox
2025-07-06T13:53:03.310Z [[32minfo[39m]: Allowing introspection query for Apollo Sandbox
2025-07-06T13:53:08.310Z [[32minfo[39m]: Allowing introspection query for Apollo Sandbox
2025-07-06T13:53:13.311Z [[32minfo[39m]: Allowing introspection query for Apollo Sandbox
2025-07-06T13:53:18.310Z [[32minfo[39m]: Allowing introspection query for Apollo Sandbox
2025-07-06T13:53:23.310Z [[32minfo[39m]: Allowing introspection query for Apollo Sandbox
2025-07-06T13:53:28.312Z [[32minfo[39m]: Allowing introspection query for Apollo Sandbox
2025-07-06T13:53:33.311Z [[32minfo[39m]: Allowing introspection query for Apollo Sandbox
2025-07-06T13:53:38.311Z [[32minfo[39m]: Allowing introspection query for Apollo Sandbox
2025-07-06T13:53:43.311Z [[32minfo[39m]: Allowing introspection query for Apollo Sandbox
2025-07-06T13:53:48.312Z [[32minfo[39m]: Allowing introspection query for Apollo Sandbox
2025-07-06T13:53:53.310Z [[32minfo[39m]: Allowing introspection query for Apollo Sandbox
2025-07-06T15:42:43.872Z [[32minfo[39m]: Allowing introspection query for Apollo Sandbox
2025-07-06T15:42:48.871Z [[32minfo[39m]: Allowing introspection query for Apollo Sandbox
2025-07-06T15:42:53.871Z [[32minfo[39m]: Allowing introspection query for Apollo Sandbox
2025-07-06T15:42:58.871Z [[32minfo[39m]: Allowing introspection query for Apollo Sandbox
2025-07-06T15:43:03.871Z [[32minfo[39m]: Allowing introspection query for Apollo Sandbox
2025-07-06T15:43:08.871Z [[32minfo[39m]: Allowing introspection query for Apollo Sandbox
2025-07-06T15:43:13.871Z [[32minfo[39m]: Allowing introspection query for Apollo Sandbox
2025-07-06T15:43:18.872Z [[32minfo[39m]: Allowing introspection query for Apollo Sandbox
2025-07-06T15:43:23.871Z [[32minfo[39m]: Allowing introspection query for Apollo Sandbox
2025-07-06T15:43:28.871Z [[32minfo[39m]: Allowing introspection query for Apollo Sandbox
2025-07-06T15:43:33.872Z [[32minfo[39m]: Allowing introspection query for Apollo Sandbox
2025-07-06T15:43:47.120Z [[32minfo[39m]: Allowing introspection query for Apollo Sandbox
2025-07-06T15:43:52.119Z [[32minfo[39m]: Allowing introspection query for Apollo Sandbox
2025-07-06T17:59:10.158Z [[32minfo[39m]: Allowing introspection query for Apollo Sandbox
2025-07-06T17:59:15.119Z [[32minfo[39m]: Allowing introspection query for Apollo Sandbox
2025-07-06T17:59:20.120Z [[32minfo[39m]: Allowing introspection query for Apollo Sandbox
2025-07-06T17:59:25.119Z [[32minfo[39m]: Allowing introspection query for Apollo Sandbox
2025-07-06T17:59:30.120Z [[32minfo[39m]: Allowing introspection query for Apollo Sandbox
2025-07-06T17:59:35.117Z [[32minfo[39m]: Allowing introspection query for Apollo Sandbox
2025-07-06T17:59:40.119Z [[32minfo[39m]: Allowing introspection query for Apollo Sandbox
2025-07-06T18:00:04.819Z [[32minfo[39m]: Allowing introspection query for Apollo Sandbox
2025-07-06T18:00:09.819Z [[32minfo[39m]: Allowing introspection query for Apollo Sandbox
2025-07-06T18:00:14.819Z [[32minfo[39m]: Allowing introspection query for Apollo Sandbox
2025-07-06T18:00:19.819Z [[32minfo[39m]: Allowing introspection query for Apollo Sandbox
2025-07-06T18:00:24.829Z [[32minfo[39m]: Allowing introspection query for Apollo Sandbox
2025-07-06T18:00:29.821Z [[32minfo[39m]: Allowing introspection query for Apollo Sandbox
2025-07-06T18:00:34.819Z [[32minfo[39m]: Allowing introspection query for Apollo Sandbox
2025-07-06T18:00:39.820Z [[32minfo[39m]: Allowing introspection query for Apollo Sandbox
2025-07-06T18:00:44.819Z [[32minfo[39m]: Allowing introspection query for Apollo Sandbox
2025-07-06T18:00:49.819Z [[32minfo[39m]: Allowing introspection query for Apollo Sandbox
2025-07-06T18:00:54.820Z [[32minfo[39m]: Allowing introspection query for Apollo Sandbox
2025-07-06T18:00:59.819Z [[32minfo[39m]: Allowing introspection query for Apollo Sandbox
2025-07-06T18:01:04.819Z [[32minfo[39m]: Allowing introspection query for Apollo Sandbox
2025-07-06T18:01:09.820Z [[32minfo[39m]: Allowing introspection query for Apollo Sandbox
2025-07-06T18:01:14.818Z [[32minfo[39m]: Allowing introspection query for Apollo Sandbox
2025-07-06T18:01:19.818Z [[32minfo[39m]: Allowing introspection query for Apollo Sandbox
2025-07-06T18:01:24.818Z [[32minfo[39m]: Allowing introspection query for Apollo Sandbox
2025-07-06T18:01:29.820Z [[32minfo[39m]: Allowing introspection query for Apollo Sandbox
2025-07-06T18:01:34.818Z [[32minfo[39m]: Allowing introspection query for Apollo Sandbox
2025-07-06T18:01:39.819Z [[32minfo[39m]: Allowing introspection query for Apollo Sandbox
2025-07-06T18:01:45.064Z [[32minfo[39m]: Allowing introspection query for Apollo Sandbox
2025-07-06T18:01:49.820Z [[32minfo[39m]: Allowing introspection query for Apollo Sandbox
2025-07-06T18:01:54.818Z [[32minfo[39m]: Allowing introspection query for Apollo Sandbox
2025-07-06T18:01:59.820Z [[32minfo[39m]: Allowing introspection query for Apollo Sandbox
2025-07-06T18:02:04.818Z [[32minfo[39m]: Allowing introspection query for Apollo Sandbox
2025-07-06T18:02:09.819Z [[32minfo[39m]: Allowing introspection query for Apollo Sandbox
2025-07-06T18:02:14.819Z [[32minfo[39m]: Allowing introspection query for Apollo Sandbox
2025-07-06T18:02:19.821Z [[32minfo[39m]: Allowing introspection query for Apollo Sandbox
2025-07-06T18:02:24.820Z [[32minfo[39m]: Allowing introspection query for Apollo Sandbox
2025-07-06T18:02:29.820Z [[32minfo[39m]: Allowing introspection query for Apollo Sandbox
2025-07-06T18:02:34.819Z [[32minfo[39m]: Allowing introspection query for Apollo Sandbox
2025-07-06T18:02:39.820Z [[32minfo[39m]: Allowing introspection query for Apollo Sandbox
2025-07-06T18:02:44.818Z [[32minfo[39m]: Allowing introspection query for Apollo Sandbox
2025-07-06T18:02:49.820Z [[32minfo[39m]: Allowing introspection query for Apollo Sandbox
2025-07-06T18:02:54.820Z [[32minfo[39m]: Allowing introspection query for Apollo Sandbox
2025-07-06T18:02:59.820Z [[32minfo[39m]: Allowing introspection query for Apollo Sandbox
2025-07-06T18:03:04.819Z [[32minfo[39m]: Allowing introspection query for Apollo Sandbox
2025-07-06T18:03:09.819Z [[32minfo[39m]: Allowing introspection query for Apollo Sandbox
2025-07-06T18:03:14.819Z [[32minfo[39m]: Allowing introspection query for Apollo Sandbox
2025-07-06T18:03:19.819Z [[32minfo[39m]: Allowing introspection query for Apollo Sandbox
2025-07-06T18:03:24.819Z [[32minfo[39m]: Allowing introspection query for Apollo Sandbox
2025-07-06T18:03:29.820Z [[32minfo[39m]: Allowing introspection query for Apollo Sandbox
2025-07-06T18:03:34.821Z [[32minfo[39m]: Allowing introspection query for Apollo Sandbox
2025-07-06T18:03:39.820Z [[32minfo[39m]: Allowing introspection query for Apollo Sandbox
2025-07-06T18:03:44.819Z [[32minfo[39m]: Allowing introspection query for Apollo Sandbox
2025-07-06T18:03:49.821Z [[32minfo[39m]: Allowing introspection query for Apollo Sandbox
2025-07-06T18:03:54.819Z [[32minfo[39m]: Allowing introspection query for Apollo Sandbox
2025-07-06T18:03:59.821Z [[32minfo[39m]: Allowing introspection query for Apollo Sandbox
2025-07-06T18:04:04.820Z [[32minfo[39m]: Allowing introspection query for Apollo Sandbox
2025-07-06T18:04:09.820Z [[32minfo[39m]: Allowing introspection query for Apollo Sandbox
2025-07-06T18:04:14.819Z [[32minfo[39m]: Allowing introspection query for Apollo Sandbox
2025-07-06T18:04:19.819Z [[32minfo[39m]: Allowing introspection query for Apollo Sandbox
2025-07-06T18:04:24.826Z [[32minfo[39m]: Allowing introspection query for Apollo Sandbox
2025-07-06T18:04:29.820Z [[32minfo[39m]: Allowing introspection query for Apollo Sandbox
2025-07-06T18:04:34.829Z [[32minfo[39m]: Allowing introspection query for Apollo Sandbox
2025-07-06T18:04:39.820Z [[32minfo[39m]: Allowing introspection query for Apollo Sandbox
2025-07-06T18:04:44.819Z [[32minfo[39m]: Allowing introspection query for Apollo Sandbox
2025-07-06T18:04:49.819Z [[32minfo[39m]: Allowing introspection query for Apollo Sandbox
2025-07-06T18:04:54.819Z [[32minfo[39m]: Allowing introspection query for Apollo Sandbox
2025-07-06T18:04:59.819Z [[32minfo[39m]: Allowing introspection query for Apollo Sandbox
2025-07-06T18:05:04.819Z [[32minfo[39m]: Allowing introspection query for Apollo Sandbox
2025-07-06T18:05:09.820Z [[32minfo[39m]: Allowing introspection query for Apollo Sandbox
2025-07-06T18:05:14.820Z [[32minfo[39m]: Allowing introspection query for Apollo Sandbox
2025-07-06T18:05:19.820Z [[32minfo[39m]: Allowing introspection query for Apollo Sandbox
2025-07-06T18:05:24.819Z [[32minfo[39m]: Allowing introspection query for Apollo Sandbox
2025-07-06T18:05:29.820Z [[32minfo[39m]: Allowing introspection query for Apollo Sandbox
2025-07-06T18:05:34.819Z [[32minfo[39m]: Allowing introspection query for Apollo Sandbox
2025-07-06T18:05:39.820Z [[32minfo[39m]: Allowing introspection query for Apollo Sandbox
2025-07-06T18:05:44.820Z [[32minfo[39m]: Allowing introspection query for Apollo Sandbox
2025-07-06T18:05:49.819Z [[32minfo[39m]: Allowing introspection query for Apollo Sandbox
2025-07-06T18:05:54.820Z [[32minfo[39m]: Allowing introspection query for Apollo Sandbox
2025-07-06T18:05:59.820Z [[32minfo[39m]: Allowing introspection query for Apollo Sandbox
2025-07-06T18:06:04.820Z [[32minfo[39m]: Allowing introspection query for Apollo Sandbox
2025-07-06T18:06:09.819Z [[32minfo[39m]: Allowing introspection query for Apollo Sandbox
2025-07-06T18:06:14.821Z [[32minfo[39m]: Allowing introspection query for Apollo Sandbox
2025-07-06T18:06:19.828Z [[32minfo[39m]: Allowing introspection query for Apollo Sandbox
2025-07-06T18:06:24.820Z [[32minfo[39m]: Allowing introspection query for Apollo Sandbox
2025-07-06T18:06:29.821Z [[32minfo[39m]: Allowing introspection query for Apollo Sandbox
2025-07-06T18:06:34.831Z [[32minfo[39m]: Allowing introspection query for Apollo Sandbox
2025-07-06T18:06:39.819Z [[32minfo[39m]: Allowing introspection query for Apollo Sandbox
2025-07-06T18:06:44.820Z [[32minfo[39m]: Allowing introspection query for Apollo Sandbox
2025-07-06T18:06:49.820Z [[32minfo[39m]: Allowing introspection query for Apollo Sandbox
2025-07-06T18:06:54.820Z [[32minfo[39m]: Allowing introspection query for Apollo Sandbox
2025-07-06T18:06:59.819Z [[32minfo[39m]: Allowing introspection query for Apollo Sandbox
2025-07-06T18:07:04.820Z [[32minfo[39m]: Allowing introspection query for Apollo Sandbox
2025-07-06T18:07:09.819Z [[32minfo[39m]: Allowing introspection query for Apollo Sandbox
2025-07-06T18:07:14.820Z [[32minfo[39m]: Allowing introspection query for Apollo Sandbox
2025-07-06T18:07:19.819Z [[32minfo[39m]: Allowing introspection query for Apollo Sandbox
2025-07-06T19:33:07.331Z [[32minfo[39m]: Successfully connected to MongoDB.
2025-07-06T19:33:07.338Z [[32minfo[39m]: 🚀 Server is running on http://localhost:4000
2025-07-06T19:33:07.339Z [[32minfo[39m]: 🚀 GraphQL endpoint: http://localhost:4000/graphql
2025-07-06T19:34:37.808Z [[32minfo[39m]: Successfully connected to MongoDB.
2025-07-06T19:34:37.822Z [[32minfo[39m]: 🚀 Server is running on http://localhost:4000
2025-07-06T19:34:37.823Z [[32minfo[39m]: 🚀 GraphQL endpoint: http://localhost:4000/graphql
2025-07-06T19:34:44.668Z [[32minfo[39m]: Development mode: bypassing authentication
2025-07-06T19:34:50.206Z [[32minfo[39m]: Allowing introspection query for Apollo Sandbox
2025-07-06T19:34:55.868Z [[32minfo[39m]: Allowing introspection query for Apollo Sandbox
2025-07-06T19:34:57.080Z [[32minfo[39m]: Development mode: bypassing authentication
2025-07-06T19:35:00.180Z [[32minfo[39m]: Development mode: bypassing authentication
2025-07-06T19:35:00.866Z [[32minfo[39m]: Allowing introspection query for Apollo Sandbox
2025-07-07T15:13:38.708Z [[32minfo[39m]: Successfully connected to MongoDB.
2025-07-07T15:13:38.721Z [[32minfo[39m]: 🚀 Server is running on http://localhost:4000
2025-07-07T15:13:38.722Z [[32minfo[39m]: 🚀 GraphQL endpoint: http://localhost:4000/graphql
2025-07-07T15:14:08.191Z [[32minfo[39m]: Development mode: bypassing authentication
2025-07-07T15:14:14.923Z [[32minfo[39m]: Allowing introspection query for Apollo Sandbox
2025-07-07T15:14:20.667Z [[32minfo[39m]: Allowing introspection query for Apollo Sandbox
2025-07-07T15:14:27.463Z [[32minfo[39m]: Development mode: bypassing authentication
2025-07-07T15:14:32.069Z [[32minfo[39m]: Allowing introspection query for Apollo Sandbox
2025-07-07T15:14:37.768Z [[32minfo[39m]: Allowing introspection query for Apollo Sandbox
2025-07-07T15:14:39.107Z [[32minfo[39m]: Development mode: bypassing authentication
2025-07-07T15:14:42.755Z [[32minfo[39m]: Allowing introspection query for Apollo Sandbox
2025-07-07T15:14:47.767Z [[32minfo[39m]: Allowing introspection query for Apollo Sandbox
2025-07-07T15:14:52.754Z [[32minfo[39m]: Allowing introspection query for Apollo Sandbox
2025-07-07T15:14:57.755Z [[32minfo[39m]: Allowing introspection query for Apollo Sandbox
2025-07-07T15:15:03.043Z [[32minfo[39m]: Allowing introspection query for Apollo Sandbox
2025-07-07T15:15:07.758Z [[32minfo[39m]: Allowing introspection query for Apollo Sandbox
2025-07-07T15:15:12.752Z [[32minfo[39m]: Allowing introspection query for Apollo Sandbox
2025-07-07T15:15:17.755Z [[32minfo[39m]: Allowing introspection query for Apollo Sandbox
2025-07-07T15:15:22.754Z [[32minfo[39m]: Allowing introspection query for Apollo Sandbox
2025-07-07T15:15:26.568Z [[32minfo[39m]: Development mode: bypassing authentication
2025-07-07T15:15:27.752Z [[32minfo[39m]: Allowing introspection query for Apollo Sandbox
2025-07-07T15:15:30.637Z [[32minfo[39m]: Development mode: bypassing authentication
2025-07-07T15:15:32.753Z [[32minfo[39m]: Allowing introspection query for Apollo Sandbox
2025-07-07T15:15:37.859Z [[32minfo[39m]: Allowing introspection query for Apollo Sandbox
2025-07-07T15:15:42.755Z [[32minfo[39m]: Allowing introspection query for Apollo Sandbox
2025-07-07T15:15:43.837Z [[32minfo[39m]: Development mode: bypassing authentication
2025-07-07T15:15:47.758Z [[32minfo[39m]: Allowing introspection query for Apollo Sandbox
2025-07-07T15:18:42.119Z [[32minfo[39m]: Allowing introspection query for Apollo Sandbox
2025-07-07T15:28:42.441Z [[32minfo[39m]: Allowing introspection query for Apollo Sandbox
2025-07-07T15:28:47.439Z [[32minfo[39m]: Allowing introspection query for Apollo Sandbox
2025-07-07T15:29:22.050Z [[32minfo[39m]: Allowing introspection query for Apollo Sandbox
2025-07-07T15:29:27.049Z [[32minfo[39m]: Allowing introspection query for Apollo Sandbox
2025-07-07T15:29:32.050Z [[32minfo[39m]: Allowing introspection query for Apollo Sandbox
2025-07-07T15:29:37.049Z [[32minfo[39m]: Allowing introspection query for Apollo Sandbox
2025-07-07T15:29:42.050Z [[32minfo[39m]: Allowing introspection query for Apollo Sandbox
2025-07-07T15:29:47.049Z [[32minfo[39m]: Allowing introspection query for Apollo Sandbox
2025-07-07T15:29:52.050Z [[32minfo[39m]: Allowing introspection query for Apollo Sandbox
2025-07-07T15:29:57.051Z [[32minfo[39m]: Allowing introspection query for Apollo Sandbox
2025-07-07T15:30:02.051Z [[32minfo[39m]: Allowing introspection query for Apollo Sandbox
2025-07-07T15:30:07.050Z [[32minfo[39m]: Allowing introspection query for Apollo Sandbox
2025-07-07T15:30:12.051Z [[32minfo[39m]: Allowing introspection query for Apollo Sandbox
2025-07-07T15:30:17.050Z [[32minfo[39m]: Allowing introspection query for Apollo Sandbox
2025-07-07T15:30:22.050Z [[32minfo[39m]: Allowing introspection query for Apollo Sandbox
2025-07-07T15:30:27.049Z [[32minfo[39m]: Allowing introspection query for Apollo Sandbox
2025-07-07T15:30:32.051Z [[32minfo[39m]: Allowing introspection query for Apollo Sandbox
2025-07-07T15:30:37.050Z [[32minfo[39m]: Allowing introspection query for Apollo Sandbox
2025-07-07T15:30:42.050Z [[32minfo[39m]: Allowing introspection query for Apollo Sandbox
2025-07-07T15:30:47.050Z [[32minfo[39m]: Allowing introspection query for Apollo Sandbox
2025-07-07T15:30:52.058Z [[32minfo[39m]: Allowing introspection query for Apollo Sandbox
2025-07-07T15:30:57.051Z [[32minfo[39m]: Allowing introspection query for Apollo Sandbox
2025-07-07T15:31:02.051Z [[32minfo[39m]: Allowing introspection query for Apollo Sandbox
2025-07-07T15:31:07.050Z [[32minfo[39m]: Allowing introspection query for Apollo Sandbox
2025-07-07T15:31:12.050Z [[32minfo[39m]: Allowing introspection query for Apollo Sandbox
2025-07-07T15:31:17.050Z [[32minfo[39m]: Allowing introspection query for Apollo Sandbox
2025-07-07T15:31:22.050Z [[32minfo[39m]: Allowing introspection query for Apollo Sandbox
2025-07-07T15:31:27.051Z [[32minfo[39m]: Allowing introspection query for Apollo Sandbox
2025-07-07T15:31:32.064Z [[32minfo[39m]: Allowing introspection query for Apollo Sandbox
2025-07-07T15:31:37.050Z [[32minfo[39m]: Allowing introspection query for Apollo Sandbox
2025-07-07T15:31:42.051Z [[32minfo[39m]: Allowing introspection query for Apollo Sandbox
2025-07-07T15:31:47.050Z [[32minfo[39m]: Allowing introspection query for Apollo Sandbox
2025-07-07T15:31:52.052Z [[32minfo[39m]: Allowing introspection query for Apollo Sandbox
2025-07-07T15:31:57.050Z [[32minfo[39m]: Allowing introspection query for Apollo Sandbox
2025-07-07T15:32:02.051Z [[32minfo[39m]: Allowing introspection query for Apollo Sandbox
2025-07-07T15:32:07.051Z [[32minfo[39m]: Allowing introspection query for Apollo Sandbox
2025-07-07T15:32:12.050Z [[32minfo[39m]: Allowing introspection query for Apollo Sandbox
2025-07-07T15:32:17.050Z [[32minfo[39m]: Allowing introspection query for Apollo Sandbox
2025-07-07T15:32:22.050Z [[32minfo[39m]: Allowing introspection query for Apollo Sandbox
2025-07-07T15:32:27.051Z [[32minfo[39m]: Allowing introspection query for Apollo Sandbox
2025-07-07T15:32:32.050Z [[32minfo[39m]: Allowing introspection query for Apollo Sandbox
2025-07-07T15:32:37.050Z [[32minfo[39m]: Allowing introspection query for Apollo Sandbox
2025-07-07T15:32:42.051Z [[32minfo[39m]: Allowing introspection query for Apollo Sandbox
2025-07-07T15:32:47.050Z [[32minfo[39m]: Allowing introspection query for Apollo Sandbox
2025-07-07T15:32:52.050Z [[32minfo[39m]: Allowing introspection query for Apollo Sandbox
2025-07-07T15:32:57.050Z [[32minfo[39m]: Allowing introspection query for Apollo Sandbox
2025-07-07T15:33:02.050Z [[32minfo[39m]: Allowing introspection query for Apollo Sandbox
2025-07-07T15:33:07.051Z [[32minfo[39m]: Allowing introspection query for Apollo Sandbox
2025-07-07T15:33:12.051Z [[32minfo[39m]: Allowing introspection query for Apollo Sandbox
2025-07-07T15:33:17.050Z [[32minfo[39m]: Allowing introspection query for Apollo Sandbox
2025-07-07T15:33:22.051Z [[32minfo[39m]: Allowing introspection query for Apollo Sandbox
2025-07-07T15:33:27.050Z [[32minfo[39m]: Allowing introspection query for Apollo Sandbox
2025-07-07T15:33:32.079Z [[32minfo[39m]: Allowing introspection query for Apollo Sandbox
2025-07-07T15:33:37.051Z [[32minfo[39m]: Allowing introspection query for Apollo Sandbox
2025-07-07T15:33:42.050Z [[32minfo[39m]: Allowing introspection query for Apollo Sandbox
2025-07-07T15:33:47.050Z [[32minfo[39m]: Allowing introspection query for Apollo Sandbox
2025-07-07T15:33:52.050Z [[32minfo[39m]: Allowing introspection query for Apollo Sandbox
2025-07-07T15:33:57.051Z [[32minfo[39m]: Allowing introspection query for Apollo Sandbox
2025-07-07T15:34:02.050Z [[32minfo[39m]: Allowing introspection query for Apollo Sandbox
2025-07-07T15:34:07.050Z [[32minfo[39m]: Allowing introspection query for Apollo Sandbox
2025-07-07T15:34:12.050Z [[32minfo[39m]: Allowing introspection query for Apollo Sandbox
2025-07-07T15:34:17.050Z [[32minfo[39m]: Allowing introspection query for Apollo Sandbox
2025-07-07T15:34:22.051Z [[32minfo[39m]: Allowing introspection query for Apollo Sandbox
2025-07-07T15:34:25.605Z [[32minfo[39m]: Development mode: bypassing authentication
2025-07-07T15:34:27.050Z [[32minfo[39m]: Allowing introspection query for Apollo Sandbox
2025-07-07T15:34:32.050Z [[32minfo[39m]: Allowing introspection query for Apollo Sandbox
2025-07-07T15:34:37.050Z [[32minfo[39m]: Allowing introspection query for Apollo Sandbox
2025-07-07T15:34:42.051Z [[32minfo[39m]: Allowing introspection query for Apollo Sandbox
2025-07-07T15:34:47.050Z [[32minfo[39m]: Allowing introspection query for Apollo Sandbox
2025-07-07T15:34:52.050Z [[32minfo[39m]: Allowing introspection query for Apollo Sandbox
2025-07-07T15:34:57.049Z [[32minfo[39m]: Allowing introspection query for Apollo Sandbox
2025-07-07T15:35:02.049Z [[32minfo[39m]: Allowing introspection query for Apollo Sandbox
2025-07-07T15:35:07.050Z [[32minfo[39m]: Allowing introspection query for Apollo Sandbox
2025-07-07T15:35:12.050Z [[32minfo[39m]: Allowing introspection query for Apollo Sandbox
2025-07-07T15:35:17.049Z [[32minfo[39m]: Allowing introspection query for Apollo Sandbox
2025-07-07T15:35:17.671Z [[32minfo[39m]: Development mode: bypassing authentication
2025-07-07T15:35:19.323Z [[32minfo[39m]: Development mode: bypassing authentication
2025-07-07T15:35:22.049Z [[32minfo[39m]: Allowing introspection query for Apollo Sandbox
2025-07-07T15:35:27.051Z [[32minfo[39m]: Allowing introspection query for Apollo Sandbox
2025-07-07T15:35:32.050Z [[32minfo[39m]: Allowing introspection query for Apollo Sandbox
2025-07-07T15:35:37.049Z [[32minfo[39m]: Allowing introspection query for Apollo Sandbox
2025-07-07T15:35:42.050Z [[32minfo[39m]: Allowing introspection query for Apollo Sandbox
2025-07-07T15:35:47.051Z [[32minfo[39m]: Allowing introspection query for Apollo Sandbox
2025-07-07T15:35:52.050Z [[32minfo[39m]: Allowing introspection query for Apollo Sandbox
2025-07-07T15:35:57.052Z [[32minfo[39m]: Allowing introspection query for Apollo Sandbox
2025-07-07T15:36:02.050Z [[32minfo[39m]: Allowing introspection query for Apollo Sandbox
2025-07-07T15:36:02.506Z [[32minfo[39m]: Development mode: bypassing authentication
2025-07-07T15:36:07.057Z [[32minfo[39m]: Allowing introspection query for Apollo Sandbox
2025-07-07T15:36:09.296Z [[32minfo[39m]: Development mode: bypassing authentication
2025-07-07T15:36:12.050Z [[32minfo[39m]: Allowing introspection query for Apollo Sandbox
2025-07-07T15:36:17.050Z [[32minfo[39m]: Allowing introspection query for Apollo Sandbox
2025-07-07T15:36:22.050Z [[32minfo[39m]: Allowing introspection query for Apollo Sandbox
2025-07-07T15:36:27.051Z [[32minfo[39m]: Allowing introspection query for Apollo Sandbox
2025-07-07T15:37:05.540Z [[32minfo[39m]: Allowing introspection query for Apollo Sandbox
2025-07-07T15:37:10.537Z [[32minfo[39m]: Allowing introspection query for Apollo Sandbox
2025-07-07T15:37:12.170Z [[32minfo[39m]: Development mode: bypassing authentication
2025-07-07T15:37:13.666Z [[32minfo[39m]: Development mode: bypassing authentication
2025-07-07T15:37:13.673Z [[32minfo[39m]: Development mode: bypassing authentication
2025-07-07T15:37:14.291Z [[32minfo[39m]: Development mode: bypassing authentication
2025-07-07T15:37:14.295Z [[32minfo[39m]: Development mode: bypassing authentication
2025-07-07T15:37:14.829Z [[32minfo[39m]: Development mode: bypassing authentication
2025-07-07T15:37:14.833Z [[32minfo[39m]: Development mode: bypassing authentication
2025-07-07T15:37:15.388Z [[32minfo[39m]: Development mode: bypassing authentication
2025-07-07T15:37:15.608Z [[32minfo[39m]: Allowing introspection query for Apollo Sandbox
2025-07-07T15:37:20.538Z [[32minfo[39m]: Allowing introspection query for Apollo Sandbox
2025-07-07T15:37:26.097Z [[32minfo[39m]: Allowing introspection query for Apollo Sandbox
2025-07-07T15:37:30.539Z [[32minfo[39m]: Allowing introspection query for Apollo Sandbox
2025-07-07T15:37:34.788Z [[32minfo[39m]: Development mode: bypassing authentication
2025-07-07T15:37:35.536Z [[32minfo[39m]: Allowing introspection query for Apollo Sandbox
2025-07-07T15:37:47.387Z [[32minfo[39m]: Allowing introspection query for Apollo Sandbox
2025-07-07T15:37:48.239Z [[32minfo[39m]: Development mode: bypassing authentication
2025-07-07T15:37:52.385Z [[32minfo[39m]: Allowing introspection query for Apollo Sandbox
2025-07-07T15:37:57.387Z [[32minfo[39m]: Allowing introspection query for Apollo Sandbox
2025-07-07T15:38:02.385Z [[32minfo[39m]: Allowing introspection query for Apollo Sandbox
2025-07-07T15:38:07.385Z [[32minfo[39m]: Allowing introspection query for Apollo Sandbox
2025-07-07T15:38:12.385Z [[32minfo[39m]: Allowing introspection query for Apollo Sandbox
2025-07-07T15:38:17.386Z [[32minfo[39m]: Allowing introspection query for Apollo Sandbox
2025-07-07T15:38:22.387Z [[32minfo[39m]: Allowing introspection query for Apollo Sandbox
2025-07-07T15:38:27.386Z [[32minfo[39m]: Allowing introspection query for Apollo Sandbox
2025-07-07T15:38:32.386Z [[32minfo[39m]: Allowing introspection query for Apollo Sandbox
2025-07-07T15:38:37.385Z [[32minfo[39m]: Allowing introspection query for Apollo Sandbox
2025-07-07T15:38:42.386Z [[32minfo[39m]: Allowing introspection query for Apollo Sandbox
2025-07-07T15:38:47.387Z [[32minfo[39m]: Allowing introspection query for Apollo Sandbox
2025-07-07T15:38:52.386Z [[32minfo[39m]: Allowing introspection query for Apollo Sandbox
2025-07-07T15:38:57.387Z [[32minfo[39m]: Allowing introspection query for Apollo Sandbox
2025-07-07T15:39:02.386Z [[32minfo[39m]: Allowing introspection query for Apollo Sandbox
2025-07-07T15:39:07.385Z [[32minfo[39m]: Allowing introspection query for Apollo Sandbox
2025-07-07T15:39:12.386Z [[32minfo[39m]: Allowing introspection query for Apollo Sandbox
2025-07-07T15:39:17.385Z [[32minfo[39m]: Allowing introspection query for Apollo Sandbox
2025-07-07T15:39:20.428Z [[32minfo[39m]: Development mode: bypassing authentication
2025-07-07T15:39:21.943Z [[32minfo[39m]: Development mode: bypassing authentication
2025-07-07T15:39:22.474Z [[32minfo[39m]: Allowing introspection query for Apollo Sandbox
2025-07-07T15:39:25.553Z [[32minfo[39m]: Development mode: bypassing authentication
2025-07-07T15:39:27.643Z [[32minfo[39m]: Allowing introspection query for Apollo Sandbox
2025-07-07T15:39:29.885Z [[32minfo[39m]: Development mode: bypassing authentication
2025-07-07T15:39:32.386Z [[32minfo[39m]: Allowing introspection query for Apollo Sandbox
2025-07-07T15:39:37.386Z [[32minfo[39m]: Allowing introspection query for Apollo Sandbox
2025-07-07T15:39:42.386Z [[32minfo[39m]: Allowing introspection query for Apollo Sandbox
2025-07-07T15:47:12.157Z [[32minfo[39m]: Allowing introspection query for Apollo Sandbox
2025-07-07T15:47:17.156Z [[32minfo[39m]: Allowing introspection query for Apollo Sandbox
2025-07-07T17:37:00.817Z [[32minfo[39m]: Allowing introspection query for Apollo Sandbox
2025-07-07T17:37:05.799Z [[32minfo[39m]: Allowing introspection query for Apollo Sandbox
2025-07-07T17:37:06.587Z [[32minfo[39m]: Development mode: bypassing authentication
2025-07-07T17:37:08.086Z [[32minfo[39m]: Development mode: bypassing authentication
2025-07-07T17:37:10.788Z [[32minfo[39m]: Allowing introspection query for Apollo Sandbox
2025-07-07T17:38:01.639Z [[32minfo[39m]: Successfully connected to MongoDB.
2025-07-07T17:38:01.649Z [[32minfo[39m]: 🚀 Server is running on http://localhost:4000
2025-07-07T17:38:01.650Z [[32minfo[39m]: 🚀 GraphQL endpoint: http://localhost:4000/graphql
2025-07-07T17:38:06.993Z [[32minfo[39m]: Development mode: bypassing authentication
2025-07-07T17:38:11.349Z [[32minfo[39m]: Allowing introspection query for Apollo Sandbox
2025-07-07T17:38:15.598Z [[32minfo[39m]: Development mode: bypassing authentication
2025-07-07T17:38:16.807Z [[32minfo[39m]: Development mode: bypassing authentication
2025-07-07T17:38:17.149Z [[32minfo[39m]: Development mode: bypassing authentication
2025-07-07T17:38:17.154Z [[32minfo[39m]: Development mode: bypassing authentication
2025-07-07T17:38:17.158Z [[32minfo[39m]: Allowing introspection query for Apollo Sandbox
2025-07-07T17:38:17.245Z [[32minfo[39m]: Development mode: bypassing authentication
2025-07-07T17:38:17.558Z [[32minfo[39m]: Development mode: bypassing authentication
2025-07-07T17:39:00.919Z [[32minfo[39m]: Development mode: bypassing authentication
2025-07-07T17:39:13.307Z [[32minfo[39m]: Allowing introspection query for Apollo Sandbox
2025-07-07T17:39:15.349Z [[32minfo[39m]: Development mode: bypassing authentication
2025-07-07T17:39:18.306Z [[32minfo[39m]: Allowing introspection query for Apollo Sandbox
2025-07-07T17:39:21.834Z [[32minfo[39m]: Development mode: bypassing authentication
2025-07-07T17:39:23.005Z [[32minfo[39m]: Development mode: bypassing authentication
2025-07-07T17:39:23.411Z [[32minfo[39m]: Development mode: bypassing authentication
2025-07-07T17:39:23.417Z [[32minfo[39m]: Allowing introspection query for Apollo Sandbox
2025-07-07T17:39:23.797Z [[32minfo[39m]: Development mode: bypassing authentication
2025-07-07T17:39:24.378Z [[32minfo[39m]: Development mode: bypassing authentication
2025-07-07T17:39:24.746Z [[32minfo[39m]: Development mode: bypassing authentication
2025-07-07T17:40:32.205Z [[32minfo[39m]: Allowing introspection query for Apollo Sandbox
2025-07-07T17:43:23.011Z [[32minfo[39m]: Allowing introspection query for Apollo Sandbox
2025-07-07T17:43:24.139Z [[32minfo[39m]: Development mode: bypassing authentication
2025-07-07T17:43:25.386Z [[32minfo[39m]: Development mode: bypassing authentication
2025-07-07T17:43:26.380Z [[32minfo[39m]: Development mode: bypassing authentication
2025-07-07T17:43:26.741Z [[32minfo[39m]: Development mode: bypassing authentication
2025-07-07T17:43:26.745Z [[32minfo[39m]: Development mode: bypassing authentication
2025-07-07T17:43:28.009Z [[32minfo[39m]: Allowing introspection query for Apollo Sandbox
2025-07-07T17:43:28.796Z [[32minfo[39m]: Development mode: bypassing authentication
2025-07-07T17:43:30.496Z [[32minfo[39m]: Development mode: bypassing authentication
2025-07-07T17:43:31.275Z [[32minfo[39m]: Development mode: bypassing authentication
2025-07-07T17:43:31.333Z [[32minfo[39m]: Development mode: bypassing authentication
2025-07-07T17:43:31.623Z [[32minfo[39m]: Development mode: bypassing authentication
2025-07-07T17:43:31.893Z [[32minfo[39m]: Development mode: bypassing authentication
2025-07-07T17:43:33.008Z [[32minfo[39m]: Allowing introspection query for Apollo Sandbox
2025-07-07T17:43:38.010Z [[32minfo[39m]: Allowing introspection query for Apollo Sandbox
2025-07-07T17:43:43.009Z [[32minfo[39m]: Allowing introspection query for Apollo Sandbox
2025-07-07T18:01:06.336Z [[32minfo[39m]: Development mode: bypassing authentication
2025-07-07T18:01:07.626Z [[32minfo[39m]: Development mode: bypassing authentication
2025-07-07T18:01:07.630Z [[32minfo[39m]: Development mode: bypassing authentication
2025-07-07T18:01:08.043Z [[32minfo[39m]: Development mode: bypassing authentication
2025-07-07T18:01:08.126Z [[32minfo[39m]: Development mode: bypassing authentication
2025-07-07T18:01:08.951Z [[32minfo[39m]: Allowing introspection query for Apollo Sandbox
2025-07-07T18:01:13.953Z [[32minfo[39m]: Allowing introspection query for Apollo Sandbox
2025-07-07T18:01:18.952Z [[32minfo[39m]: Allowing introspection query for Apollo Sandbox
2025-07-07T18:02:04.144Z [[32minfo[39m]: Development mode: bypassing authentication
2025-07-07T18:02:07.644Z [[32minfo[39m]: Allowing introspection query for Apollo Sandbox
2025-07-07T18:02:13.358Z [[32minfo[39m]: Allowing introspection query for Apollo Sandbox
2025-07-07T18:02:15.023Z [[32minfo[39m]: Development mode: bypassing authentication
2025-07-07T18:02:16.287Z [[32minfo[39m]: Development mode: bypassing authentication
2025-07-07T18:02:18.364Z [[32minfo[39m]: Allowing introspection query for Apollo Sandbox
2025-07-07T18:02:23.367Z [[32minfo[39m]: Allowing introspection query for Apollo Sandbox
2025-07-07T18:02:28.370Z [[32minfo[39m]: Allowing introspection query for Apollo Sandbox
2025-07-07T18:02:33.371Z [[32minfo[39m]: Allowing introspection query for Apollo Sandbox
2025-07-07T18:02:38.363Z [[32minfo[39m]: Allowing introspection query for Apollo Sandbox
2025-07-07T18:02:43.357Z [[32minfo[39m]: Allowing introspection query for Apollo Sandbox
2025-07-07T18:02:48.358Z [[32minfo[39m]: Allowing introspection query for Apollo Sandbox
2025-07-07T18:02:53.357Z [[32minfo[39m]: Allowing introspection query for Apollo Sandbox
2025-07-07T18:02:58.358Z [[32minfo[39m]: Allowing introspection query for Apollo Sandbox
2025-07-07T18:03:03.357Z [[32minfo[39m]: Allowing introspection query for Apollo Sandbox
2025-07-07T18:03:08.358Z [[32minfo[39m]: Allowing introspection query for Apollo Sandbox
2025-07-07T18:03:13.357Z [[32minfo[39m]: Allowing introspection query for Apollo Sandbox
2025-07-07T18:03:18.359Z [[32minfo[39m]: Allowing introspection query for Apollo Sandbox
2025-07-07T18:03:23.356Z [[32minfo[39m]: Allowing introspection query for Apollo Sandbox
2025-07-07T18:03:28.358Z [[32minfo[39m]: Allowing introspection query for Apollo Sandbox
2025-07-07T18:03:33.357Z [[32minfo[39m]: Allowing introspection query for Apollo Sandbox
2025-07-07T18:03:38.359Z [[32minfo[39m]: Allowing introspection query for Apollo Sandbox
2025-07-07T18:03:43.358Z [[32minfo[39m]: Allowing introspection query for Apollo Sandbox
2025-07-07T18:03:48.358Z [[32minfo[39m]: Allowing introspection query for Apollo Sandbox
2025-07-07T18:03:53.357Z [[32minfo[39m]: Allowing introspection query for Apollo Sandbox
2025-07-07T18:03:58.358Z [[32minfo[39m]: Allowing introspection query for Apollo Sandbox
2025-07-07T18:04:03.357Z [[32minfo[39m]: Allowing introspection query for Apollo Sandbox
2025-07-07T18:04:08.359Z [[32minfo[39m]: Allowing introspection query for Apollo Sandbox
2025-07-07T18:04:13.357Z [[32minfo[39m]: Allowing introspection query for Apollo Sandbox
2025-07-07T18:04:18.359Z [[32minfo[39m]: Allowing introspection query for Apollo Sandbox
2025-07-07T18:04:23.357Z [[32minfo[39m]: Allowing introspection query for Apollo Sandbox
2025-07-07T18:04:28.358Z [[32minfo[39m]: Allowing introspection query for Apollo Sandbox
2025-07-07T18:04:33.357Z [[32minfo[39m]: Allowing introspection query for Apollo Sandbox
2025-07-07T18:04:38.359Z [[32minfo[39m]: Allowing introspection query for Apollo Sandbox
2025-07-07T18:04:43.357Z [[32minfo[39m]: Allowing introspection query for Apollo Sandbox
2025-07-07T18:04:48.360Z [[32minfo[39m]: Allowing introspection query for Apollo Sandbox
2025-07-07T18:04:52.050Z [[32minfo[39m]: Development mode: bypassing authentication
2025-07-07T18:04:53.356Z [[32minfo[39m]: Allowing introspection query for Apollo Sandbox
2025-07-07T18:04:58.357Z [[32minfo[39m]: Allowing introspection query for Apollo Sandbox
2025-07-07T18:05:03.357Z [[32minfo[39m]: Allowing introspection query for Apollo Sandbox
2025-07-07T18:05:04.630Z [[32minfo[39m]: Development mode: bypassing authentication
2025-07-07T18:05:08.358Z [[32minfo[39m]: Allowing introspection query for Apollo Sandbox
2025-07-07T18:05:12.821Z [[32minfo[39m]: Development mode: bypassing authentication
2025-07-07T18:05:13.090Z [[32minfo[39m]: Development mode: bypassing authentication
2025-07-07T18:05:13.357Z [[32minfo[39m]: Allowing introspection query for Apollo Sandbox
2025-07-07T18:05:18.359Z [[32minfo[39m]: Allowing introspection query for Apollo Sandbox
2025-07-07T18:05:23.357Z [[32minfo[39m]: Allowing introspection query for Apollo Sandbox
2025-07-07T18:05:28.358Z [[32minfo[39m]: Allowing introspection query for Apollo Sandbox
2025-07-07T18:05:33.358Z [[32minfo[39m]: Allowing introspection query for Apollo Sandbox
2025-07-07T18:05:38.358Z [[32minfo[39m]: Allowing introspection query for Apollo Sandbox
2025-07-07T18:05:43.357Z [[32minfo[39m]: Allowing introspection query for Apollo Sandbox
2025-07-07T18:05:48.357Z [[32minfo[39m]: Allowing introspection query for Apollo Sandbox
2025-07-07T18:05:53.357Z [[32minfo[39m]: Allowing introspection query for Apollo Sandbox
2025-07-07T18:05:55.666Z [[32minfo[39m]: Development mode: bypassing authentication
2025-07-07T18:05:55.998Z [[32minfo[39m]: Development mode: bypassing authentication
2025-07-07T18:05:56.002Z [[32minfo[39m]: Development mode: bypassing authentication
2025-07-07T18:05:56.311Z [[32minfo[39m]: Development mode: bypassing authentication
2025-07-07T18:05:56.379Z [[32minfo[39m]: Development mode: bypassing authentication
2025-07-07T18:05:56.658Z [[32minfo[39m]: Development mode: bypassing authentication
2025-07-07T18:05:56.857Z [[32minfo[39m]: Development mode: bypassing authentication
2025-07-07T18:05:57.034Z [[32minfo[39m]: Development mode: bypassing authentication
2025-07-07T18:05:57.264Z [[32minfo[39m]: Development mode: bypassing authentication
2025-07-07T18:05:58.358Z [[32minfo[39m]: Allowing introspection query for Apollo Sandbox
2025-07-07T18:06:03.358Z [[32minfo[39m]: Allowing introspection query for Apollo Sandbox
2025-07-07T18:06:08.359Z [[32minfo[39m]: Allowing introspection query for Apollo Sandbox
